2 testsmall-fuzzed-131.bin 179893 47 39763
3 testsmall-fuzzed-385.bin 184965 58 40679
4 testsmall-fuzzed-149.bin 179846 46 39762
8 testsmall-fuzzed-150.bin 179850 46 39762
10 testsmall-fuzzed-85.bin 179478 44 39689
12 testsmall-fuzzed-301.bin 183661 54 40438
17 testsmall-fuzzed-303.bin 183698 54 40438
21 testsmall-fuzzed-382.bin 184821 58 40657
22 testsmall-fuzzed-334.bin 183643 54 40438
28 testsmall-fuzzed-302.bin 183690 54 40438
29 testsmall-fuzzed-396.bin 185418 59 40788
32 testsmall-fuzzed-78.bin 179477 43 39680
33 testsmall-fuzzed-308.bin 183605 55 40438
39 testsmall-fuzzed-311.bin 187760 54 41113
40 testsmall-fuzzed-123.bin 179849 47 39755
41 testsmall-fuzzed-333.bin 188922 67 41474
42 testsmall-fuzzed-280.bin 187041 55 40962
51 testsmall-fuzzed-101.bin 179208 43 39629
52 testsmall-fuzzed-348.bin 184778 58 40651
55 testsmall-fuzzed-158.bin 182858 55 40274
59 testsmall-fuzzed-316.bin 183602 54 40437
65 testsmall-fuzzed-83.bin 179474 44 39681
66 testsmall-fuzzed-143.bin 179894 45 39752
67 testsmall-fuzzed-160.bin 186933 55 40948
69 testsmall-fuzzed-77.bin 179477 43 39680
71 testsmall-fuzzed-335.bin 188916 66 41471
77 testsmall-fuzzed-284.bin 189002 66 41475
81 testsmall-fuzzed-321.bin 183604 53 40444
86 testsmall-fuzzed-376.bin 185231 58 40746
87 testsmall-fuzzed-398.bin 185461 58 40795
90 testsmall-fuzzed-401.bin 185560 58 40809
92 testsmall-fuzzed-138.bin 179848 45 39753
100 testsmall-fuzzed-109.bin 179209 43 39621
101 testsmall-fuzzed-373.bin 185134 59 40717
102 testsmall-fuzzed-97.bin 179210 44 39622
104 testsmall-fuzzed-400.bin 185560 58 40809
112 testsmall-fuzzed-285.bin 187094 55 40974
113 testsmall-fuzzed-249.bin 182933 55 40294
116 testsmall-fuzzed-263.bin 188963 67 41486
117 testsmall-fuzzed-175.bin 182812 55 40274
125 testsmall-fuzzed-125.bin 179892 46 39754
126 testsmall-fuzzed-247.bin 182937 56 40296
130 testsmall-fuzzed-7.bin 175873 32 39035
131 testsmall-fuzzed-108.bin 179209 43 39629
132 testsmall-fuzzed-299.bin 183649 55 40440
135 testsmall-fuzzed-345.bin 184636 59 40630
137 testsmall-fuzzed-79.bin 179522 43 39680
138 testsmall-fuzzed-157.bin 182831 56 40275
139 testsmall-fuzzed-178.bin 186937 55 40959
142 testsmall-fuzzed-248.bin 183270 56 40362
143 testsmall-fuzzed-111.bin 179253 45 39631
145 testsmall-fuzzed-271.bin 183003 56 40303
150 testsmall-fuzzed-380.bin 184823 59 40666
151 testsmall-fuzzed-25.bin 179065 39 39593
152 testsmall-fuzzed-72.bin 179476 43 39688
155 testsmall-fuzzed-392.bin 185418 59 40796
156 testsmall-fuzzed-260.bin 187377 55 41034
159 testsmall-fuzzed-112.bin 179206 44 39622
162 testsmall-fuzzed-397.bin 185418 59 40788
167 testsmall-fuzzed-144.bin 179849 45 39753
168 testsmall-fuzzed-381.bin 184823 59 40658
169 testsmall-fuzzed-128.bin 179896 46 39754
170 testsmall-fuzzed-347.bin 184679 58 40629
174 testsmall-fuzzed-124.bin 179849 47 39755
176 testsmall-fuzzed-156.bin 182815 56 40275
178 testsmall-fuzzed-304.bin 183698 54 40438
181 testsmall-fuzzed-393.bin 185416 58 40787
184 testsmall-fuzzed-166.bin 182813 55 40282
185 testsmall-fuzzed-250.bin 183268 55 40361
188 testsmall-fuzzed-148.bin 179848 47 39755
190 testsmall-fuzzed-106.bin 179209 43 39621
193 testsmall-fuzzed-81.bin 179478 45 39682
194 testsmall-fuzzed-255.bin 183270 56 40362
196 testsmall-fuzzed-177.bin 186963 55 40961
197 testsmall-fuzzed-272.bin 183001 55 40302
201 testsmall-fuzzed-328.bin 183605 53 40436
204 testsmall-fuzzed-336.bin 183651 54 40446
208 testsmall-fuzzed-19.bin 179064 39 39593
213 testsmall-fuzzed-168.bin 187022 55 40954
214 testsmall-fuzzed-107.bin 179209 43 39621
216 testsmall-fuzzed-95.bin 179206 44 39622
219 testsmall-fuzzed-164.bin 182815 56 40275
220 testsmall-fuzzed-258.bin 183313 55 40369
221 testsmall-fuzzed-82.bin 179476 45 39682
226 testsmall-fuzzed-167.bin 182813 55 40274
227 testsmall-fuzzed-300.bin 183649 55 40440
229 testsmall-fuzzed-278.bin 183046 55 40302
232 testsmall-fuzzed-307.bin 183605 55 40446
239 testsmall-fuzzed-256.bin 183270 56 40370
243 testsmall-fuzzed-100.bin 179208 43 39621
245 testsmall-fuzzed-404.bin 188908 67 41472
246 testsmall-fuzzed-331.bin 183651 55 40440
251 testsmall-fuzzed-312.bin 187786 54 41115
253 testsmall-fuzzed-406.bin 185604 58 40818
254 testsmall-fuzzed-113.bin 179210 44 39622
258 testsmall-fuzzed-84.bin 179523 44 39681
265 testsmall-fuzzed-80.bin 179477 43 39680
266 testsmall-fuzzed-310.bin 183603 54 40437
267 testsmall-fuzzed-27.bin 179020 39 39601
268 testsmall-fuzzed-8.bin 175918 32 39035
272 testsmall-fuzzed-283.bin 189008 67 41478
273 testsmall-fuzzed-273.bin 187184 55 40980
274 testsmall-fuzzed-337.bin 187753 54 41116
276 testsmall-fuzzed-329.bin 183605 53 40436
277 testsmall-fuzzed-137.bin 179893 45 39753
281 testsmall-fuzzed-322.bin 183604 53 40436
284 testsmall-fuzzed-172.bin 182816 56 40275
285 testsmall-fuzzed-327.bin 183605 53 40444
286 testsmall-fuzzed-279.bin 187139 55 40980
290 testsmall-fuzzed-127.bin 179851 46 39762
291 testsmall-fuzzed-71.bin 179521 43 39688
292 testsmall-fuzzed-377.bin 185231 58 40738
293 testsmall-fuzzed-12.bin 175873 32 39035
294 testsmall-fuzzed-332.bin 183647 55 40440
296 testsmall-fuzzed-169.bin 186983 55 40959
297 testsmall-fuzzed-399.bin 185416 58 40787
303 testsmall-fuzzed-405.bin 188902 66 41469
305 testsmall-fuzzed-259.bin 187395 55 41046
307 testsmall-fuzzed-275.bin 183003 56 40311
309 testsmall-fuzzed-146.bin 179849 45 39761
312 testsmall-fuzzed-317.bin 183651 54 40437
313 testsmall-fuzzed-264.bin 189002 66 41475
314 testsmall-fuzzed-114.bin 179210 44 39622
321 testsmall-fuzzed-20.bin 179019 39 39593
325 testsmall-fuzzed-349.bin 184778 58 40659
331 testsmall-fuzzed-315.bin 183649 55 40438
332 testsmall-fuzzed-309.bin 183603 54 40445
333 testsmall-fuzzed-147.bin 179850 47 39755
334 testsmall-fuzzed-96.bin 179210 44 39622
335 testsmall-fuzzed-176.bin 188963 66 41475
341 testsmall-fuzzed-344.bin 184681 59 40630
342 testsmall-fuzzed-252.bin 187393 55 41038
343 testsmall-fuzzed-94.bin 179208 45 39623
344 testsmall-fuzzed-173.bin 182859 56 40283
346 testsmall-fuzzed-265.bin 187376 55 41034
348 testsmall-fuzzed-28.bin 179020 39 39593
349 testsmall-fuzzed-159.bin 182813 55 40274
351 testsmall-fuzzed-174.bin 189042 67 41478
352 testsmall-fuzzed-161.bin 186940 55 40951
353 testsmall-fuzzed-11.bin 175873 32 39035
354 testsmall-fuzzed-133.bin 179850 46 39754
355 testsmall-fuzzed-110.bin 179210 45 39623
357 testsmall-fuzzed-251.bin 187146 55 40973
358 testsmall-fuzzed-126.bin 179847 46 39754
359 testsmall-fuzzed-257.bin 183313 55 40361
365 testsmall-fuzzed-26.bin 179020 39 39593
372 testsmall-fuzzed-375.bin 185132 58 40716
373 testsmall-fuzzed-346.bin 184634 58 40637
375 testsmall-fuzzed-330.bin 183605 53 40444
379 testsmall-fuzzed-374.bin 185087 58 40716
388 testsmall-fuzzed-132.bin 179891 46 39762
390 testsmall-fuzzed-165.bin 182815 56 40283
391 testsmall-fuzzed-145.bin 179849 45 39761
393 testsmall-fuzzed-277.bin 183046 55 40302
398 testsmall-fuzzed-384.bin 184965 58 40679
401 testsmall-fuzzed-383.bin 184866 58 40665
402 testsmall-fuzzed-372.bin 185089 59 40717
403 testsmall-fuzzed-394.bin 189473 58 41458
405 testsmall-fuzzed-276.bin 183003 56 40311
